<?xml version="1.0" encoding="UTF-8"?>
<!-- Generated by org.testng.reporters.JUnitReportReporter -->
<testsuite hostname="DESKTOP-7VP6Q59" failures="0" tests="1" name="practice_Automation.Launch_Chrome_Browser" time="8.186" errors="0" timestamp="2024-05-23T17:54:31 IST" skipped="0">
  <testcase classname="practice_Automation.Launch_Chrome_Browser" name="webdriver" time="8.186"/>
</testsuite> <!-- practice_Automation.Launch_Chrome_Browser -->
