<?xml version="1.0" encoding="UTF-8"?>
<!-- Generated by org.testng.reporters.JUnitReportReporter -->
<testsuite hostname="DESKTOP-7VP6Q59" failures="0" tests="1" name="practice_Automation.Demo_Shopping_Website" time="2.175" errors="0" timestamp="2024-05-21T11:36:30 IST" skipped="0">
  <testcase classname="practice_Automation.Demo_Shopping_Website" name="dropdown" time="2.175"/>
</testsuite> <!-- practice_Automation.Demo_Shopping_Website -->
