<?xml version="1.0" encoding="UTF-8"?>
<!-- Generated by org.testng.reporters.JUnitReportReporter -->
<testsuite hostname="DESKTOP-7VP6Q59" failures="0" tests="3" name="practice_Automation.My_First_Testcase" time="0.031" errors="0" timestamp="2024-05-24T18:34:49 IST" skipped="0">
  <testcase classname="practice_Automation.My_First_Testcase" name="TestCase3" time="0.022"/>
  <testcase classname="practice_Automation.My_First_Testcase" name="TestCase2" time="0.004"/>
  <testcase classname="practice_Automation.My_First_Testcase" name="TestCase5" time="0.005"/>
</testsuite> <!-- practice_Automation.My_First_Testcase -->
