<?xml version="1.0" encoding="UTF-8"?>
<!-- Generated by org.testng.reporters.JUnitReportReporter -->
<testsuite hostname="DESKTOP-7VP6Q59" failures="0" tests="2" name="practice_Automation.My_Second_Testcase" time="0.007" errors="0" timestamp="2024-05-24T18:34:49 IST" skipped="0">
  <testcase classname="practice_Automation.My_Second_Testcase" name="TestCase_2" time="0.004"/>
  <testcase classname="practice_Automation.My_Second_Testcase" name="TestCase_1" time="0.003"/>
</testsuite> <!-- practice_Automation.My_Second_Testcase -->
